Performing C++ SOURCE FILE Test CMAKE_HAVE_LIBC_PTHREAD failed with the following output:
Change Dir: /home/agueroudji/MofkaDask/custom/build/CMakeFiles/CMakeTmp

Run Build Command(s):/usr/bin/gmake -f Makefile cmTC_15c8e/fast && /usr/bin/gmake  -f CMakeFiles/cmTC_15c8e.dir/build.make CMakeFiles/cmTC_15c8e.dir/build
gmake[1]: Entering directory '/home/agueroudji/MofkaDask/custom/build/CMakeFiles/CMakeTmp'
Building CXX object CMakeFiles/cmTC_15c8e.dir/src.cxx.o
/opt/cray/pe/gcc/12.2.0/bin/c++ -DCMAKE_HAVE_LIBC_PTHREAD  -std=gnu++17 -o CMakeFiles/cmTC_15c8e.dir/src.cxx.o -c /home/agueroudji/MofkaDask/custom/build/CMakeFiles/CMakeTmp/src.cxx
Linking CXX executable cmTC_15c8e
/soft/buildtools/cmake/cmake-3.23.2/cmake-3.23.2-linux-x86_64/bin/cmake -E cmake_link_script CMakeFiles/cmTC_15c8e.dir/link.txt --verbose=1
/opt/cray/pe/gcc/12.2.0/bin/c++ CMakeFiles/cmTC_15c8e.dir/src.cxx.o -o cmTC_15c8e 
/usr/bin/ld: CMakeFiles/cmTC_15c8e.dir/src.cxx.o: in function `main':
src.cxx:(.text+0x2d): undefined reference to `pthread_create'
/usr/bin/ld: src.cxx:(.text+0x39): undefined reference to `pthread_detach'
/usr/bin/ld: src.cxx:(.text+0x45): undefined reference to `pthread_cancel'
/usr/bin/ld: src.cxx:(.text+0x56): undefined reference to `pthread_join'
collect2: error: ld returned 1 exit status
gmake[1]: *** [CMakeFiles/cmTC_15c8e.dir/build.make:99: cmTC_15c8e] Error 1
gmake[1]: Leaving directory '/home/agueroudji/MofkaDask/custom/build/CMakeFiles/CMakeTmp'
gmake: *** [Makefile:127: cmTC_15c8e/fast] Error 2


Source file was:
#include <pthread.h>

static void* test_func(void* data)
{
  return data;
}

int main(void)
{
  pthread_t thread;
  pthread_create(&thread, NULL, test_func, NULL);
  pthread_detach(thread);
  pthread_cancel(thread);
  pthread_join(thread, NULL);
  pthread_atfork(NULL, NULL, NULL);
  pthread_exit(NULL);

  return 0;
}

Determining if the function pthread_create exists in the pthreads failed with the following output:
Change Dir: /home/agueroudji/MofkaDask/custom/build/CMakeFiles/CMakeTmp

Run Build Command(s):/usr/bin/gmake -f Makefile cmTC_ec2cd/fast && /usr/bin/gmake  -f CMakeFiles/cmTC_ec2cd.dir/build.make CMakeFiles/cmTC_ec2cd.dir/build
gmake[1]: Entering directory '/home/agueroudji/MofkaDask/custom/build/CMakeFiles/CMakeTmp'
Building CXX object CMakeFiles/cmTC_ec2cd.dir/CheckFunctionExists.cxx.o
/opt/cray/pe/gcc/12.2.0/bin/c++   -DCHECK_FUNCTION_EXISTS=pthread_create -std=gnu++17 -o CMakeFiles/cmTC_ec2cd.dir/CheckFunctionExists.cxx.o -c /home/agueroudji/MofkaDask/custom/build/CMakeFiles/CheckLibraryExists/CheckFunctionExists.cxx
Linking CXX executable cmTC_ec2cd
/soft/buildtools/cmake/cmake-3.23.2/cmake-3.23.2-linux-x86_64/bin/cmake -E cmake_link_script CMakeFiles/cmTC_ec2cd.dir/link.txt --verbose=1
/opt/cray/pe/gcc/12.2.0/bin/c++  -DCHECK_FUNCTION_EXISTS=pthread_create CMakeFiles/cmTC_ec2cd.dir/CheckFunctionExists.cxx.o -o cmTC_ec2cd  -lpthreads 
/usr/bin/ld: cannot find -lpthreads: No such file or directory
collect2: error: ld returned 1 exit status
gmake[1]: *** [CMakeFiles/cmTC_ec2cd.dir/build.make:99: cmTC_ec2cd] Error 1
gmake[1]: Leaving directory '/home/agueroudji/MofkaDask/custom/build/CMakeFiles/CMakeTmp'
gmake: *** [Makefile:127: cmTC_ec2cd/fast] Error 2



